<?xml version="1.0" encoding="UTF-8"?>
<!-- Generated by org.testng.reporters.JUnitReportReporter -->
<testsuite hostname="LAPTOP-9R5OQI11" failures="0" tests="8" name="com.jupiter.qa.testcases.TestCases_Jupiter" time="46.962" errors="0" timestamp="05 Jun 2022 11:36:34 GMT" skipped="0">
  <testcase classname="com.jupiter.qa.testcases.TestCases_Jupiter" name="navigateToContractPageAndValidatePageTitle" time="13.795"/>
  <testcase classname="com.jupiter.qa.testcases.TestCases_Jupiter" name="successfully_Submit_Contact_Form_With_Mandatory_Fields" time="3.312"/>
  <testcase classname="com.jupiter.qa.testcases.TestCases_Jupiter" name="successfully_Submit_Contact_Form_With_Mandatory_Fields" time="12.515"/>
  <testcase classname="com.jupiter.qa.testcases.TestCases_Jupiter" name="successfully_Submit_Contact_Form_With_Mandatory_Fields" time="1.970"/>
  <testcase classname="com.jupiter.qa.testcases.TestCases_Jupiter" name="successfully_Submit_Contact_Form_With_Mandatory_Fields" time="7.862"/>
  <testcase classname="com.jupiter.qa.testcases.TestCases_Jupiter" name="successfully_Submit_Contact_Form_With_Mandatory_Fields" time="2.158"/>
  <testcase classname="com.jupiter.qa.testcases.TestCases_Jupiter" name="add_Items_To_Cart_And_Verify_The_Items_In_Cart" time="3.565"/>
  <testcase classname="com.jupiter.qa.testcases.TestCases_Jupiter" name="validate_calculations_of_prices_In_Cart" time="1.785"/>
</testsuite> <!-- com.jupiter.qa.testcases.TestCases_Jupiter -->
